# JRE version: Java(TM) SE Runtime Environment (8.0_201-b09) (build 1.8.0_201-b09)
# Java VM: Java HotSpot(TM) 64-Bit Server VM (25.201-b09 mixed mode windows-amd64 compressed oops)
Heap:
 PSYoungGen      total 145408K, used 28136K [0x00000000d6500000, 0x00000000e8e00000, 0x0000000100000000)
  eden space 128000K, 21% used [0x00000000d6500000,0x00000000d807a1c8,0x00000000de200000)
  from space 17408K, 0% used [0x00000000de200000,0x00000000de200000,0x00000000df300000)
  to   space 24064K, 0% used [0x00000000e7680000,0x00000000e7680000,0x00000000e8e00000)
 ParOldGen       total 96256K, used 37033K [0x0000000082e00000, 0x0000000088c00000, 0x00000000d6500000)
  object space 96256K, 38% used [0x0000000082e00000,0x000000008522a508,0x0000000088c00000)
 Metaspace       used 22094K, capacity 22714K, committed 23040K, reserved 1069056K
  class space    used 2587K, capacity 2726K, committed 2816K, reserved 1048576K
GC Heap History (10 events):
Event: 1.517 GC heap before
{Heap before GC invocations=4 (full 0):
 PSYoungGen      total 37888K, used 37880K [0x00000000d6500000, 0x00000000daf00000, 0x0000000100000000)
  eden space 32768K, 100% used [0x00000000d6500000,0x00000000d8500000,0x00000000d8500000)
  from space 5120K, 99% used [0x00000000d8500000,0x00000000d89fe030,0x00000000d8a00000)
  to   space 5120K, 0% used [0x00000000daa00000,0x00000000daa00000,0x00000000daf00000)
 ParOldGen       total 86016K, used 4897K [0x0000000082e00000, 0x0000000088200000, 0x00000000d6500000)
  object space 86016K, 5% used [0x0000000082e00000,0x00000000832c8530,0x0000000088200000)
 Metaspace       used 15800K, capacity 16100K, committed 16384K, reserved 1062912K
  class space    used 1880K, capacity 1979K, committed 2048K, reserved 1048576K
Event: 1.527 GC heap after
Heap after GC invocations=4 (full 0):
 PSYoungGen      total 70656K, used 5096K [0x00000000d6500000, 0x00000000daf00000, 0x0000000100000000)
  eden space 65536K, 0% used [0x00000000d6500000,0x00000000d6500000,0x00000000da500000)
  from space 5120K, 99% used [0x00000000daa00000,0x00000000daefa060,0x00000000daf00000)
  to   space 5120K, 0% used [0x00000000da500000,0x00000000da500000,0x00000000daa00000)
 ParOldGen       total 86016K, used 8497K [0x0000000082e00000, 0x0000000088200000, 0x00000000d6500000)
  object space 86016K, 9% used [0x0000000082e00000,0x000000008364c708,0x0000000088200000)
 Metaspace       used 15800K, capacity 16100K, committed 16384K, reserved 1062912K
  class space    used 1880K, capacity 1979K, committed 2048K, reserved 1048576K
}
Event: 1.956 GC heap before
{Heap before GC invocations=5 (full 0):
 PSYoungGen      total 70656K, used 70632K [0x00000000d6500000, 0x00000000daf00000, 0x0000000100000000)
  eden space 65536K, 100% used [0x00000000d6500000,0x00000000da500000,0x00000000da500000)
  from space 5120K, 99% used [0x00000000daa00000,0x00000000daefa060,0x00000000daf00000)
  to   space 5120K, 0% used [0x00000000da500000,0x00000000da500000,0x00000000daa00000)
 ParOldGen       total 86016K, used 8497K [0x0000000082e00000, 0x0000000088200000, 0x00000000d6500000)
  object space 86016K, 9% used [0x0000000082e00000,0x000000008364c708,0x0000000088200000)
 Metaspace       used 16399K, capacity 16806K, committed 17152K, reserved 1064960K
  class space    used 1900K, capacity 2016K, committed 2048K, reserved 1048576K
Event: 1.977 GC heap after
Heap after GC invocations=5 (full 0):
 PSYoungGen      total 70656K, used 5096K [0x00000000d6500000, 0x00000000e0100000, 0x0000000100000000)
  eden space 65536K, 0% used [0x00000000d6500000,0x00000000d6500000,0x00000000da500000)
  from space 5120K, 99% used [0x00000000da500000,0x00000000da9fa040,0x00000000daa00000)
  to   space 14336K, 0% used [0x00000000df300000,0x00000000df300000,0x00000000e0100000)
 ParOldGen       total 86016K, used 17915K [0x0000000082e00000, 0x0000000088200000, 0x00000000d6500000)
  object space 86016K, 20% used [0x0000000082e00000,0x0000000083f7ed90,0x0000000088200000)
 Metaspace       used 16399K, capacity 16806K, committed 17152K, reserved 1064960K
  class space    used 1900K, capacity 2016K, committed 2048K, reserved 1048576K
}
Event: 2.398 GC heap before
{Heap before GC invocations=6 (full 0):
 PSYoungGen      total 70656K, used 70632K [0x00000000d6500000, 0x00000000e0100000, 0x0000000100000000)
  eden space 65536K, 100% used [0x00000000d6500000,0x00000000da500000,0x00000000da500000)
  from space 5120K, 99% used [0x00000000da500000,0x00000000da9fa040,0x00000000daa00000)
  to   space 14336K, 0% used [0x00000000df300000,0x00000000df300000,0x00000000e0100000)
 ParOldGen       total 86016K, used 17915K [0x0000000082e00000, 0x0000000088200000, 0x00000000d6500000)
  object space 86016K, 20% used [0x0000000082e00000,0x0000000083f7ed90,0x0000000088200000)
 Metaspace       used 16647K, capacity 17080K, committed 17408K, reserved 1064960K
  class space    used 1901K, capacity 2019K, committed 2048K, reserved 1048576K
Event: 2.412 GC heap after
Heap after GC invocations=6 (full 0):
 PSYoungGen      total 142336K, used 14328K [0x00000000d6500000, 0x00000000e0700000, 0x0000000100000000)
  eden space 128000K, 0% used [0x00000000d6500000,0x00000000d6500000,0x00000000de200000)
  from space 14336K, 99% used [0x00000000df300000,0x00000000e00fe050,0x00000000e0100000)
  to   space 17408K, 0% used [0x00000000de200000,0x00000000de200000,0x00000000df300000)
 ParOldGen       total 86016K, used 19120K [0x0000000082e00000, 0x0000000088200000, 0x00000000d6500000)
  object space 86016K, 22% used [0x0000000082e00000,0x00000000840ac0e8,0x0000000088200000)
 Metaspace       used 16647K, capacity 17080K, committed 17408K, reserved 1064960K
  class space    used 1901K, capacity 2019K, committed 2048K, reserved 1048576K
}
Event: 3.255 GC heap before
{Heap before GC invocations=7 (full 0):
 PSYoungGen      total 142336K, used 131441K [0x00000000d6500000, 0x00000000e0700000, 0x0000000100000000)
  eden space 128000K, 91% used [0x00000000d6500000,0x00000000dd75e490,0x00000000de200000)
  from space 14336K, 99% used [0x00000000df300000,0x00000000e00fe050,0x00000000e0100000)
  to   space 17408K, 0% used [0x00000000de200000,0x00000000de200000,0x00000000df300000)
 ParOldGen       total 86016K, used 19120K [0x0000000082e00000, 0x0000000088200000, 0x00000000d6500000)
  object space 86016K, 22% used [0x0000000082e00000,0x00000000840ac0e8,0x0000000088200000)
 Metaspace       used 20597K, capacity 21146K, committed 21248K, reserved 1069056K
  class space    used 2381K, capacity 2502K, committed 2560K, reserved 1048576K
Event: 3.281 GC heap after
Heap after GC invocations=7 (full 0):
 PSYoungGen      total 145408K, used 17405K [0x00000000d6500000, 0x00000000e8e00000, 0x0000000100000000)
  eden space 128000K, 0% used [0x00000000d6500000,0x00000000d6500000,0x00000000de200000)
  from space 17408K, 99% used [0x00000000de200000,0x00000000df2ff7f0,0x00000000df300000)
  to   space 24064K, 0% used [0x00000000e7680000,0x00000000e7680000,0x00000000e8e00000)
 ParOldGen       total 86016K, used 26446K [0x0000000082e00000, 0x0000000088200000, 0x00000000d6500000)
  object space 86016K, 30% used [0x0000000082e00000,0x00000000847d3b80,0x0000000088200000)
 Metaspace       used 20597K, capacity 21146K, committed 21248K, reserved 1069056K
  class space    used 2381K, capacity 2502K, committed 2560K, reserved 1048576K
}
Event: 3.282 GC heap before
{Heap before GC invocations=8 (full 1):
 PSYoungGen      total 145408K, used 17405K [0x00000000d6500000, 0x00000000e8e00000, 0x0000000100000000)
  eden space 128000K, 0% used [0x00000000d6500000,0x00000000d6500000,0x00000000de200000)
  from space 17408K, 99% used [0x00000000de200000,0x00000000df2ff7f0,0x00000000df300000)
  to   space 24064K, 0% used [0x00000000e7680000,0x00000000e7680000,0x00000000e8e00000)
 ParOldGen       total 86016K, used 26446K [0x0000000082e00000, 0x0000000088200000, 0x00000000d6500000)
  object space 86016K, 30% used [0x0000000082e00000,0x00000000847d3b80,0x0000000088200000)
 Metaspace       used 20597K, capacity 21146K, committed 21248K, reserved 1069056K
  class space    used 2381K, capacity 2502K, committed 2560K, reserved 1048576K
Event: 3.368 GC heap after
Heap after GC invocations=8 (full 1):
 PSYoungGen      total 145408K, used 0K [0x00000000d6500000, 0x00000000e8e00000, 0x0000000100000000)
  eden space 128000K, 0% used [0x00000000d6500000,0x00000000d6500000,0x00000000de200000)
  from space 17408K, 0% used [0x00000000de200000,0x00000000de200000,0x00000000df300000)
  to   space 24064K, 0% used [0x00000000e7680000,0x00000000e7680000,0x00000000e8e00000)
 ParOldGen       total 96256K, used 37033K [0x0000000082e00000, 0x0000000088c00000, 0x00000000d6500000)
  object space 96256K, 38% used [0x0000000082e00000,0x000000008522a508,0x0000000088c00000)
 Metaspace       used 20597K, capacity 21146K, committed 21248K, reserved 1069056K
  class space    used 2381K, capacity 2502K, committed 2560K, reserved 1048576K
}

